# JRE version: Java(TM) SE Runtime Environment (8.0_201-b09) (build 1.8.0_201-b09)
# Java VM: Java HotSpot(TM) 64-Bit Server VM (25.201-b09 mixed mode windows-amd64 compressed oops)
Heap:
 PSYoungGen      total 199680K, used 19172K [0x00000000d6580000, 0x00000000e7c00000, 0x0000000100000000)
  eden space 184832K, 7% used [0x00000000d6580000,0x00000000d733daf0,0x00000000e1a00000)
  from space 14848K, 34% used [0x00000000e1a00000,0x00000000e1efb678,0x00000000e2880000)
  to   space 14848K, 0% used [0x00000000e6d80000,0x00000000e6da0000,0x00000000e7c00000)
 ParOldGen       total 81920K, used 23716K [0x0000000083000000, 0x0000000088000000, 0x00000000d6580000)
  object space 81920K, 28% used [0x0000000083000000,0x0000000084729230,0x0000000088000000)
 Metaspace       used 44507K, capacity 46847K, committed 47104K, reserved 1089536K
  class space    used 5909K, capacity 6368K, committed 6400K, reserved 1048576K
GC Heap History (10 events):
Event: 8.001 GC heap after
Heap after GC invocations=10 (full 2):
 PSYoungGen      total 144384K, used 0K [0x00000000d6580000, 0x00000000e2100000, 0x0000000100000000)
  eden space 130048K, 0% used [0x00000000d6580000,0x00000000d6580000,0x00000000de480000)
  from space 14336K, 0% used [0x00000000df280000,0x00000000df280000,0x00000000e0080000)
  to   space 14336K, 0% used [0x00000000de480000,0x00000000de480000,0x00000000df280000)
 ParOldGen       total 81920K, used 15784K [0x0000000083000000, 0x0000000088000000, 0x00000000d6580000)
  object space 81920K, 19% used [0x0000000083000000,0x0000000083f6a278,0x0000000088000000)
 Metaspace       used 33651K, capacity 35257K, committed 35496K, reserved 1079296K
  class space    used 4525K, capacity 4850K, committed 4864K, reserved 1048576K
}
Event: 148.113 GC heap before
{Heap before GC invocations=11 (full 2):
 PSYoungGen      total 144384K, used 130048K [0x00000000d6580000, 0x00000000e2100000, 0x0000000100000000)
  eden space 130048K, 100% used [0x00000000d6580000,0x00000000de480000,0x00000000de480000)
  from space 14336K, 0% used [0x00000000df280000,0x00000000df280000,0x00000000e0080000)
  to   space 14336K, 0% used [0x00000000de480000,0x00000000de480000,0x00000000df280000)
 ParOldGen       total 81920K, used 15784K [0x0000000083000000, 0x0000000088000000, 0x00000000d6580000)
  object space 81920K, 19% used [0x0000000083000000,0x0000000083f6a278,0x0000000088000000)
 Metaspace       used 41868K, capacity 43961K, committed 44160K, reserved 1087488K
  class space    used 5586K, capacity 5979K, committed 6016K, reserved 1048576K
Event: 148.130 GC heap after
Heap after GC invocations=11 (full 2):
 PSYoungGen      total 144384K, used 12532K [0x00000000d6580000, 0x00000000e3800000, 0x0000000100000000)
  eden space 130048K, 0% used [0x00000000d6580000,0x00000000d6580000,0x00000000de480000)
  from space 14336K, 87% used [0x00000000de480000,0x00000000df0bd340,0x00000000df280000)
  to   space 15360K, 0% used [0x00000000e2900000,0x00000000e2900000,0x00000000e3800000)
 ParOldGen       total 81920K, used 15811K [0x0000000083000000, 0x0000000088000000, 0x00000000d6580000)
  object space 81920K, 19% used [0x0000000083000000,0x0000000083f70ec8,0x0000000088000000)
 Metaspace       used 41868K, capacity 43961K, committed 44160K, reserved 1087488K
  class space    used 5586K, capacity 5979K, committed 6016K, reserved 1048576K
}
Event: 680.253 GC heap before
{Heap before GC invocations=12 (full 2):
 PSYoungGen      total 144384K, used 137089K [0x00000000d6580000, 0x00000000e3800000, 0x0000000100000000)
  eden space 130048K, 95% used [0x00000000d6580000,0x00000000ddf23400,0x00000000de480000)
  from space 14336K, 87% used [0x00000000de480000,0x00000000df0bd340,0x00000000df280000)
  to   space 15360K, 0% used [0x00000000e2900000,0x00000000e2900000,0x00000000e3800000)
 ParOldGen       total 81920K, used 15811K [0x0000000083000000, 0x0000000088000000, 0x00000000d6580000)
  object space 81920K, 19% used [0x0000000083000000,0x0000000083f70ec8,0x0000000088000000)
 Metaspace       used 43822K, capacity 46079K, committed 46208K, reserved 1089536K
  class space    used 5839K, capacity 6261K, committed 6272K, reserved 1048576K
Event: 680.262 GC heap after
Heap after GC invocations=12 (full 2):
 PSYoungGen      total 199168K, used 8010K [0x00000000d6580000, 0x00000000e3700000, 0x0000000100000000)
  eden space 184832K, 0% used [0x00000000d6580000,0x00000000d6580000,0x00000000e1a00000)
  from space 14336K, 55% used [0x00000000e2900000,0x00000000e30d2a20,0x00000000e3700000)
  to   space 14848K, 0% used [0x00000000e1a00000,0x00000000e1a00000,0x00000000e2880000)
 ParOldGen       total 81920K, used 15819K [0x0000000083000000, 0x0000000088000000, 0x00000000d6580000)
  object space 81920K, 19% used [0x0000000083000000,0x0000000083f72ec8,0x0000000088000000)
 Metaspace       used 43822K, capacity 46079K, committed 46208K, reserved 1089536K
  class space    used 5839K, capacity 6261K, committed 6272K, reserved 1048576K
}
Event: 680.262 GC heap before
{Heap before GC invocations=13 (full 3):
 PSYoungGen      total 199168K, used 8010K [0x00000000d6580000, 0x00000000e3700000, 0x0000000100000000)
  eden space 184832K, 0% used [0x00000000d6580000,0x00000000d6580000,0x00000000e1a00000)
  from space 14336K, 55% used [0x00000000e2900000,0x00000000e30d2a20,0x00000000e3700000)
  to   space 14848K, 0% used [0x00000000e1a00000,0x00000000e1a00000,0x00000000e2880000)
 ParOldGen       total 81920K, used 15819K [0x0000000083000000, 0x0000000088000000, 0x00000000d6580000)
  object space 81920K, 19% used [0x0000000083000000,0x0000000083f72ec8,0x0000000088000000)
 Metaspace       used 43822K, capacity 46079K, committed 46208K, reserved 1089536K
  class space    used 5839K, capacity 6261K, committed 6272K, reserved 1048576K
Event: 680.422 GC heap after
Heap after GC invocations=13 (full 3):
 PSYoungGen      total 199168K, used 0K [0x00000000d6580000, 0x00000000e3700000, 0x0000000100000000)
  eden space 184832K, 0% used [0x00000000d6580000,0x00000000d6580000,0x00000000e1a00000)
  from space 14336K, 0% used [0x00000000e2900000,0x00000000e2900000,0x00000000e3700000)
  to   space 14848K, 0% used [0x00000000e1a00000,0x00000000e1a00000,0x00000000e2880000)
 ParOldGen       total 81920K, used 20858K [0x0000000083000000, 0x0000000088000000, 0x00000000d6580000)
  object space 81920K, 25% used [0x0000000083000000,0x000000008445e868,0x0000000088000000)
 Metaspace       used 43821K, capacity 46073K, committed 46208K, reserved 1089536K
  class space    used 5838K, capacity 6260K, committed 6272K, reserved 1048576K
}
Event: 1131.709 GC heap before
{Heap before GC invocations=14 (full 3):
 PSYoungGen      total 199168K, used 184832K [0x00000000d6580000, 0x00000000e3700000, 0x0000000100000000)
  eden space 184832K, 100% used [0x00000000d6580000,0x00000000e1a00000,0x00000000e1a00000)
  from space 14336K, 0% used [0x00000000e2900000,0x00000000e2900000,0x00000000e3700000)
  to   space 14848K, 0% used [0x00000000e1a00000,0x00000000e1a00000,0x00000000e2880000)
 ParOldGen       total 81920K, used 20858K [0x0000000083000000, 0x0000000088000000, 0x00000000d6580000)
  object space 81920K, 25% used [0x0000000083000000,0x000000008445e868,0x0000000088000000)
 Metaspace       used 44479K, capacity 46841K, committed 47104K, reserved 1089536K
  class space    used 5907K, capacity 6366K, committed 6400K, reserved 1048576K
Event: 1131.717 GC heap after
Heap after GC invocations=14 (full 3):
 PSYoungGen      total 199680K, used 5101K [0x00000000d6580000, 0x00000000e7c00000, 0x0000000100000000)
  eden space 184832K, 0% used [0x00000000d6580000,0x00000000d6580000,0x00000000e1a00000)
  from space 14848K, 34% used [0x00000000e1a00000,0x00000000e1efb678,0x00000000e2880000)
  to   space 14848K, 0% used [0x00000000e6d80000,0x00000000e6d80000,0x00000000e7c00000)
 ParOldGen       total 81920K, used 20866K [0x0000000083000000, 0x0000000088000000, 0x00000000d6580000)
  object space 81920K, 25% used [0x0000000083000000,0x0000000084460868,0x0000000088000000)
 Metaspace       used 44479K, capacity 46841K, committed 47104K, reserved 1089536K
  class space    used 5907K, capacity 6366K, committed 6400K, reserved 1048576K
}
Event: 1159.976 GC heap before
{Heap before GC invocations=15 (full 3):
 PSYoungGen      total 199680K, used 19172K [0x00000000d6580000, 0x00000000e7c00000, 0x0000000100000000)
  eden space 184832K, 7% used [0x00000000d6580000,0x00000000d733daf0,0x00000000e1a00000)
  from space 14848K, 34% used [0x00000000e1a00000,0x00000000e1efb678,0x00000000e2880000)
  to   space 14848K, 0% used [0x00000000e6d80000,0x00000000e6d80000,0x00000000e7c00000)
 ParOldGen       total 81920K, used 20866K [0x0000000083000000, 0x0000000088000000, 0x00000000d6580000)
  object space 81920K, 25% used [0x0000000083000000,0x0000000084460868,0x0000000088000000)
 Metaspace       used 44507K, capacity 46847K, committed 47104K, reserved 1089536K
  class space    used 5909K, capacity 6368K, committed 6400K, reserved 1048576K

